{
  "RSpec": {
    "coverage": {
      "/Users/mateuszdiak/Documents/Projects/bowling_challenge/bowling-challenge-ruby/spec/frame_spec.rb": {
        "lines": [
          1,
          null,
          1,
          null,
          5,
          4,
          4,
          4,
          null,
          1,
          1,
          1,
          null,
          null,
          null,
          1,
          1,
          1,
          null,
          null,
          null,
          1,
          null,
          1,
          1,
          null,
          null,
          1,
          1,
          null,
          null,
          1,
          1,
          null,
          null,
          null,
          1,
          null,
          1,
          1,
          null,
          null,
          1,
          1,
          null,
          null,
          1,
          1,
          null,
          null,
          null,
          null,
          1,
          1,
          1,
          null,
          null,
          1,
          1,
          null,
          null,
          1,
          1,
          1,
          null,
          null,
          1,
          1,
          null,
          null,
          1,
          1,
          null,
          null,
          null,
          1,
          1,
          1,
          1,
          null,
          null,
          null,
          null
        ]
      },
      "/Users/mateuszdiak/Documents/Projects/bowling_challenge/bowling-challenge-ruby/lib/frame.rb": {
        "lines": [
          1,
          null,
          1,
          1,
          null,
          1,
          87,
          87,
          87,
          87,
          null,
          null,
          1,
          110,
          null,
          null,
          1,
          244,
          null,
          null,
          1,
          47,
          null,
          null,
          1,
          null,
          1,
          87,
          null,
          null,
          1,
          87,
          null,
          null
        ]
      },
      "/Users/mateuszdiak/Documents/Projects/bowling_challenge/bowling-challenge-ruby/spec/game_spec.rb": {
        "lines": [
          1,
          null,
          1,
          null,
          13,
          1,
          0,
          null,
          null,
          null,
          null,
          null,
          null,
          null,
          null,
          1,
          0,
          null,
          null,
          null,
          null,
          null,
          null,
          null,
          null,
          1,
          0,
          null,
          null,
          null,
          null,
          null,
          null,
          null,
          null,
          1,
          1,
          null,
          1,
          1,
          null,
          1,
          1,
          null,
          1,
          1,
          null,
          1,
          null,
          1,
          1,
          null,
          1,
          null,
          1,
          1,
          null,
          1,
          1,
          null,
          1,
          null,
          1,
          null,
          1,
          1,
          null,
          1,
          null,
          1,
          null,
          null,
          null,
          null,
          null,
          null,
          1,
          1,
          1,
          1,
          1,
          null,
          null,
          null,
          1,
          1,
          1,
          1,
          null,
          null,
          null,
          1,
          1,
          1,
          1,
          1,
          null,
          null,
          null,
          1,
          1,
          2,
          null,
          null,
          null,
          1,
          1,
          1,
          2,
          null,
          null,
          null,
          1,
          1,
          1,
          2,
          null,
          null,
          null,
          1,
          1,
          11,
          1,
          2,
          null,
          null,
          null,
          1,
          1,
          10,
          1,
          1,
          2,
          null,
          null,
          null,
          1,
          1,
          10,
          1,
          1,
          2,
          null,
          null,
          null,
          1,
          1,
          1,
          1,
          null,
          1,
          1,
          1,
          null,
          1,
          1,
          1,
          1,
          null,
          1,
          1,
          1,
          null,
          1,
          1,
          1,
          null,
          1,
          1,
          1,
          1,
          null,
          1,
          1,
          1,
          1,
          1,
          null,
          1,
          1,
          1,
          1,
          null,
          1,
          1,
          1,
          1,
          null,
          1,
          1,
          1,
          1,
          null,
          null,
          1,
          1,
          13,
          1,
          null,
          null,
          null,
          null,
          1,
          1,
          1,
          null,
          null,
          null,
          null,
          null,
          null,
          1,
          null,
          null,
          null
        ]
      },
      "/Users/mateuszdiak/Documents/Projects/bowling_challenge/bowling-challenge-ruby/lib/game.rb": {
        "lines": [
          1,
          null,
          1,
          null,
          1,
          null,
          1,
          14,
          null,
          null,
          1,
          93,
          null,
          null,
          1,
          109,
          106,
          106,
          null,
          null,
          1,
          2,
          2,
          20,
          8,
          8,
          8,
          8,
          12,
          6,
          6,
          6,
          6,
          null,
          6,
          6,
          6,
          6,
          null,
          null,
          2,
          null,
          null,
          1,
          null,
          1,
          106,
          null,
          null,
          1,
          109,
          108,
          null,
          null,
          1,
          106,
          495,
          109,
          109,
          null,
          null,
          null,
          null,
          1,
          73,
          null,
          null,
          1,
          109,
          19,
          null,
          90,
          null,
          null,
          null,
          1,
          108,
          1,
          107,
          23,
          null,
          84,
          null,
          null,
          null,
          1,
          97,
          51,
          null,
          46,
          46,
          22,
          22,
          null,
          null,
          null,
          null,
          null,
          null,
          1,
          null,
          1,
          1,
          null,
          1,
          1,
          null,
          1,
          1,
          null,
          1,
          null,
          1,
          1,
          null,
          1,
          null,
          1,
          1,
          null,
          1,
          1,
          null,
          1,
          null,
          1,
          null,
          1,
          1,
          null,
          1
        ]
      }
    },
    "timestamp": 1642965604
  }
}
